# JRE version: OpenJDK Runtime Environment GraalVM CE 22.3.0 (17.0.5+8) (build 17.0.5+8-jvmci-22.3-b08)
# Java VM: OpenJDK 64-Bit Server VM GraalVM CE 22.3.0 (17.0.5+8-jvmci-22.3-b08, mixed mode, sharing, tiered, jvmci, jvmci compiler, compressed oops, compressed class ptrs, parallel gc, linux-amd64)
GC Precious Log:
 CPUs: 8 total, 1 available
 Memory: 1024M
 Large Page Support: Disabled
 NUMA Support: Disabled
 Compressed Oops: Enabled (32-bit)
 Alignments: Space 512K, Generation 512K, Heap 2M
 Heap Min Capacity: 100M
 Heap Initial Capacity: 100M
 Heap Max Capacity: 512M
 Pre-touch: Disabled
 Parallel Workers: 1
Heap:
 PSYoungGen      total 53248K, used 37376K [0x00000000f5580000, 0x00000000f9b80000, 0x0000000100000000)
  eden space 37376K, 100% used [0x00000000f5580000,0x00000000f7a00000,0x00000000f7a00000)
  from space 15872K, 0% used [0x00000000f8c00000,0x00000000f8c00000,0x00000000f9b80000)
  to   space 15872K, 0% used [0x00000000f7a00000,0x00000000f7a00000,0x00000000f8980000)
 ParOldGen       total 349696K, used 349695K [0x00000000e0000000, 0x00000000f5580000, 0x00000000f5580000)
  object space 349696K, 99% used [0x00000000e0000000,0x00000000f557fd80,0x00000000f5580000)
 Metaspace       used 64995K, committed 65856K, reserved 1114112K
  class space    used 6231K, committed 6592K, reserved 1048576K
GC Heap History (20 events):
Event: 1838.314 GC heap before
{Heap before GC invocations=991 (full 887):
 PSYoungGen      total 53248K, used 37376K [0x00000000f5580000, 0x00000000f9b80000, 0x0000000100000000)
  eden space 37376K, 100% used [0x00000000f5580000,0x00000000f7a00000,0x00000000f7a00000)
  from space 15872K, 0% used [0x00000000f8c00000,0x00000000f8c00000,0x00000000f9b80000)
  to   space 15872K, 0% used [0x00000000f7a00000,0x00000000f7a00000,0x00000000f8980000)
 ParOldGen       total 349696K, used 349693K [0x00000000e0000000, 0x00000000f5580000, 0x00000000f5580000)
  object space 349696K, 99% used [0x00000000e0000000,0x00000000f557f740,0x00000000f5580000)
 Metaspace       used 64993K, committed 65856K, reserved 1114112K
  class space    used 6230K, committed 6592K, reserved 1048576K
}
Event: 1840.027 GC heap after
{Heap after GC invocations=991 (full 887):
 PSYoungGen      total 53248K, used 37375K [0x00000000f5580000, 0x00000000f9b80000, 0x0000000100000000)
  eden space 37376K, 99% used [0x00000000f5580000,0x00000000f79fffb8,0x00000000f7a00000)
  from space 15872K, 0% used [0x00000000f7a00000,0x00000000f7a00000,0x00000000f8980000)
  to   space 15872K, 0% used [0x00000000f8c00000,0x00000000f8c00000,0x00000000f9b80000)
 ParOldGen       total 349696K, used 349691K [0x00000000e0000000, 0x00000000f5580000, 0x00000000f5580000)
  object space 349696K, 99% used [0x00000000e0000000,0x00000000f557edb8,0x00000000f5580000)
 Metaspace       used 64993K, committed 65856K, reserved 1114112K
  class space    used 6230K, committed 6592K, reserved 1048576K
}
Event: 1840.027 GC heap before
{Heap before GC invocations=992 (full 888):
 PSYoungGen      total 53248K, used 37375K [0x00000000f5580000, 0x00000000f9b80000, 0x0000000100000000)
  eden space 37376K, 99% used [0x00000000f5580000,0x00000000f79fffe8,0x00000000f7a00000)
  from space 15872K, 0% used [0x00000000f7a00000,0x00000000f7a00000,0x00000000f8980000)
  to   space 15872K, 0% used [0x00000000f8c00000,0x00000000f8c00000,0x00000000f9b80000)
 ParOldGen       total 349696K, used 349691K [0x00000000e0000000, 0x00000000f5580000, 0x00000000f5580000)
  object space 349696K, 99% used [0x00000000e0000000,0x00000000f557edb8,0x00000000f5580000)
 Metaspace       used 64993K, committed 65856K, reserved 1114112K
  class space    used 6230K, committed 6592K, reserved 1048576K
}
Event: 1841.694 GC heap after
{Heap after GC invocations=992 (full 888):
 PSYoungGen      total 53248K, used 37375K [0x00000000f5580000, 0x00000000f9b80000, 0x0000000100000000)
  eden space 37376K, 99% used [0x00000000f5580000,0x00000000f79fffe8,0x00000000f7a00000)
  from space 15872K, 0% used [0x00000000f8c00000,0x00000000f8c00000,0x00000000f9b80000)
  to   space 15872K, 0% used [0x00000000f7a00000,0x00000000f7a00000,0x00000000f8980000)
 ParOldGen       total 349696K, used 349691K [0x00000000e0000000, 0x00000000f5580000, 0x00000000f5580000)
  object space 349696K, 99% used [0x00000000e0000000,0x00000000f557edb8,0x00000000f5580000)
 Metaspace       used 64993K, committed 65856K, reserved 1114112K
  class space    used 6230K, committed 6592K, reserved 1048576K
}
Event: 1841.695 GC heap before
{Heap before GC invocations=993 (full 889):
 PSYoungGen      total 53248K, used 37376K [0x00000000f5580000, 0x00000000f9b80000, 0x0000000100000000)
  eden space 37376K, 100% used [0x00000000f5580000,0x00000000f7a00000,0x00000000f7a00000)
  from space 15872K, 0% used [0x00000000f8c00000,0x00000000f8c00000,0x00000000f9b80000)
  to   space 15872K, 0% used [0x00000000f7a00000,0x00000000f7a00000,0x00000000f8980000)
 ParOldGen       total 349696K, used 349694K [0x00000000e0000000, 0x00000000f5580000, 0x00000000f5580000)
  object space 349696K, 99% used [0x00000000e0000000,0x00000000f557f840,0x00000000f5580000)
 Metaspace       used 64993K, committed 65856K, reserved 1114112K
  class space    used 6230K, committed 6592K, reserved 1048576K
}
Event: 1843.325 GC heap after
{Heap after GC invocations=993 (full 889):
 PSYoungGen      total 53248K, used 37375K [0x00000000f5580000, 0x00000000f9b80000, 0x0000000100000000)
  eden space 37376K, 99% used [0x00000000f5580000,0x00000000f79fff80,0x00000000f7a00000)
  from space 15872K, 0% used [0x00000000f7a00000,0x00000000f7a00000,0x00000000f8980000)
  to   space 15872K, 0% used [0x00000000f8c00000,0x00000000f8c00000,0x00000000f9b80000)
 ParOldGen       total 349696K, used 349693K [0x00000000e0000000, 0x00000000f5580000, 0x00000000f5580000)
  object space 349696K, 99% used [0x00000000e0000000,0x00000000f557f588,0x00000000f5580000)
 Metaspace       used 64993K, committed 65856K, reserved 1114112K
  class space    used 6230K, committed 6592K, reserved 1048576K
}
Event: 1843.325 GC heap before
{Heap before GC invocations=994 (full 890):
 PSYoungGen      total 53248K, used 37375K [0x00000000f5580000, 0x00000000f9b80000, 0x0000000100000000)
  eden space 37376K, 99% used [0x00000000f5580000,0x00000000f79ffff0,0x00000000f7a00000)
  from space 15872K, 0% used [0x00000000f7a00000,0x00000000f7a00000,0x00000000f8980000)
  to   space 15872K, 0% used [0x00000000f8c00000,0x00000000f8c00000,0x00000000f9b80000)
 ParOldGen       total 349696K, used 349693K [0x00000000e0000000, 0x00000000f5580000, 0x00000000f5580000)
  object space 349696K, 99% used [0x00000000e0000000,0x00000000f557f588,0x00000000f5580000)
 Metaspace       used 64993K, committed 65856K, reserved 1114112K
  class space    used 6230K, committed 6592K, reserved 1048576K
}
Event: 1844.979 GC heap after
{Heap after GC invocations=994 (full 890):
 PSYoungGen      total 53248K, used 37375K [0x00000000f5580000, 0x00000000f9b80000, 0x0000000100000000)
  eden space 37376K, 99% used [0x00000000f5580000,0x00000000f79ffff0,0x00000000f7a00000)
  from space 15872K, 0% used [0x00000000f8c00000,0x00000000f8c00000,0x00000000f9b80000)
  to   space 15872K, 0% used [0x00000000f7a00000,0x00000000f7a00000,0x00000000f8980000)
 ParOldGen       total 349696K, used 349693K [0x00000000e0000000, 0x00000000f5580000, 0x00000000f5580000)
  object space 349696K, 99% used [0x00000000e0000000,0x00000000f557f4f8,0x00000000f5580000)
 Metaspace       used 64993K, committed 65856K, reserved 1114112K
  class space    used 6230K, committed 6592K, reserved 1048576K
}
Event: 1844.980 GC heap before
{Heap before GC invocations=995 (full 891):
 PSYoungGen      total 53248K, used 37376K [0x00000000f5580000, 0x00000000f9b80000, 0x0000000100000000)
  eden space 37376K, 100% used [0x00000000f5580000,0x00000000f7a00000,0x00000000f7a00000)
  from space 15872K, 0% used [0x00000000f8c00000,0x00000000f8c00000,0x00000000f9b80000)
  to   space 15872K, 0% used [0x00000000f7a00000,0x00000000f7a00000,0x00000000f8980000)
 ParOldGen       total 349696K, used 349695K [0x00000000e0000000, 0x00000000f5580000, 0x00000000f5580000)
  object space 349696K, 99% used [0x00000000e0000000,0x00000000f557ffe0,0x00000000f5580000)
 Metaspace       used 64995K, committed 65856K, reserved 1114112K
  class space    used 6231K, committed 6592K, reserved 1048576K
}
Event: 1846.798 GC heap after
{Heap after GC invocations=995 (full 891):
 PSYoungGen      total 53248K, used 37375K [0x00000000f5580000, 0x00000000f9b80000, 0x0000000100000000)
  eden space 37376K, 99% used [0x00000000f5580000,0x00000000f79fffb0,0x00000000f7a00000)
  from space 15872K, 0% used [0x00000000f7a00000,0x00000000f7a00000,0x00000000f8980000)
  to   space 15872K, 0% used [0x00000000f8c00000,0x00000000f8c00000,0x00000000f9b80000)
 ParOldGen       total 349696K, used 349695K [0x00000000e0000000, 0x00000000f5580000, 0x00000000f5580000)
  object space 349696K, 99% used [0x00000000e0000000,0x00000000f557fdd0,0x00000000f5580000)
 Metaspace       used 64995K, committed 65856K, reserved 1114112K
  class space    used 6231K, committed 6592K, reserved 1048576K
}
Event: 1846.798 GC heap before
{Heap before GC invocations=996 (full 892):
 PSYoungGen      total 53248K, used 37376K [0x00000000f5580000, 0x00000000f9b80000, 0x0000000100000000)
  eden space 37376K, 100% used [0x00000000f5580000,0x00000000f7a00000,0x00000000f7a00000)
  from space 15872K, 0% used [0x00000000f7a00000,0x00000000f7a00000,0x00000000f8980000)
  to   space 15872K, 0% used [0x00000000f8c00000,0x00000000f8c00000,0x00000000f9b80000)
 ParOldGen       total 349696K, used 349695K [0x00000000e0000000, 0x00000000f5580000, 0x00000000f5580000)
  object space 349696K, 99% used [0x00000000e0000000,0x00000000f557fdd0,0x00000000f5580000)
 Metaspace       used 64995K, committed 65856K, reserved 1114112K
  class space    used 6231K, committed 6592K, reserved 1048576K
}
Event: 1848.308 GC heap after
{Heap after GC invocations=996 (full 892):
 PSYoungGen      total 53248K, used 37375K [0x00000000f5580000, 0x00000000f9b80000, 0x0000000100000000)
  eden space 37376K, 99% used [0x00000000f5580000,0x00000000f79fffe0,0x00000000f7a00000)
  from space 15872K, 0% used [0x00000000f8c00000,0x00000000f8c00000,0x00000000f9b80000)
  to   space 15872K, 0% used [0x00000000f7a00000,0x00000000f7a00000,0x00000000f8980000)
 ParOldGen       total 349696K, used 349695K [0x00000000e0000000, 0x00000000f5580000, 0x00000000f5580000)
  object space 349696K, 99% used [0x00000000e0000000,0x00000000f557fdd0,0x00000000f5580000)
 Metaspace       used 64995K, committed 65856K, reserved 1114112K
  class space    used 6231K, committed 6592K, reserved 1048576K
}
Event: 1848.310 GC heap before
{Heap before GC invocations=997 (full 893):
 PSYoungGen      total 53248K, used 37376K [0x00000000f5580000, 0x00000000f9b80000, 0x0000000100000000)
  eden space 37376K, 100% used [0x00000000f5580000,0x00000000f7a00000,0x00000000f7a00000)
  from space 15872K, 0% used [0x00000000f8c00000,0x00000000f8c00000,0x00000000f9b80000)
  to   space 15872K, 0% used [0x00000000f7a00000,0x00000000f7a00000,0x00000000f8980000)
 ParOldGen       total 349696K, used 349695K [0x00000000e0000000, 0x00000000f5580000, 0x00000000f5580000)
  object space 349696K, 99% used [0x00000000e0000000,0x00000000f557fdd0,0x00000000f5580000)
 Metaspace       used 64995K, committed 65856K, reserved 1114112K
  class space    used 6231K, committed 6592K, reserved 1048576K
}
Event: 1850.035 GC heap after
{Heap after GC invocations=997 (full 893):
 PSYoungGen      total 53248K, used 37376K [0x00000000f5580000, 0x00000000f9b80000, 0x0000000100000000)
  eden space 37376K, 100% used [0x00000000f5580000,0x00000000f7a00000,0x00000000f7a00000)
  from space 15872K, 0% used [0x00000000f7a00000,0x00000000f7a00000,0x00000000f8980000)
  to   space 15872K, 0% used [0x00000000f8c00000,0x00000000f8c00000,0x00000000f9b80000)
 ParOldGen       total 349696K, used 349695K [0x00000000e0000000, 0x00000000f5580000, 0x00000000f5580000)
  object space 349696K, 99% used [0x00000000e0000000,0x00000000f557fdd0,0x00000000f5580000)
 Metaspace       used 64995K, committed 65856K, reserved 1114112K
  class space    used 6231K, committed 6592K, reserved 1048576K
}
Event: 1850.035 GC heap before
{Heap before GC invocations=998 (full 894):
 PSYoungGen      total 53248K, used 37376K [0x00000000f5580000, 0x00000000f9b80000, 0x0000000100000000)
  eden space 37376K, 100% used [0x00000000f5580000,0x00000000f7a00000,0x00000000f7a00000)
  from space 15872K, 0% used [0x00000000f7a00000,0x00000000f7a00000,0x00000000f8980000)
  to   space 15872K, 0% used [0x00000000f8c00000,0x00000000f8c00000,0x00000000f9b80000)
 ParOldGen       total 349696K, used 349696K [0x00000000e0000000, 0x00000000f5580000, 0x00000000f5580000)
  object space 349696K, 100% used [0x00000000e0000000,0x00000000f5580000,0x00000000f5580000)
 Metaspace       used 64995K, committed 65856K, reserved 1114112K
  class space    used 6231K, committed 6592K, reserved 1048576K
}
Event: 1851.895 GC heap after
{Heap after GC invocations=998 (full 894):
 PSYoungGen      total 53248K, used 37376K [0x00000000f5580000, 0x00000000f9b80000, 0x0000000100000000)
  eden space 37376K, 100% used [0x00000000f5580000,0x00000000f7a00000,0x00000000f7a00000)
  from space 15872K, 0% used [0x00000000f8c00000,0x00000000f8c00000,0x00000000f9b80000)
  to   space 15872K, 0% used [0x00000000f7a00000,0x00000000f7a00000,0x00000000f8980000)
 ParOldGen       total 349696K, used 349695K [0x00000000e0000000, 0x00000000f5580000, 0x00000000f5580000)
  object space 349696K, 99% used [0x00000000e0000000,0x00000000f557fdb0,0x00000000f5580000)
 Metaspace       used 64995K, committed 65856K, reserved 1114112K
  class space    used 6231K, committed 6592K, reserved 1048576K
}
Event: 1851.897 GC heap before
{Heap before GC invocations=999 (full 895):
 PSYoungGen      total 53248K, used 37376K [0x00000000f5580000, 0x00000000f9b80000, 0x0000000100000000)
  eden space 37376K, 100% used [0x00000000f5580000,0x00000000f7a00000,0x00000000f7a00000)
  from space 15872K, 0% used [0x00000000f8c00000,0x00000000f8c00000,0x00000000f9b80000)
  to   space 15872K, 0% used [0x00000000f7a00000,0x00000000f7a00000,0x00000000f8980000)
 ParOldGen       total 349696K, used 349695K [0x00000000e0000000, 0x00000000f5580000, 0x00000000f5580000)
  object space 349696K, 99% used [0x00000000e0000000,0x00000000f557fe10,0x00000000f5580000)
 Metaspace       used 64995K, committed 65856K, reserved 1114112K
  class space    used 6231K, committed 6592K, reserved 1048576K
}
Event: 1853.690 GC heap after
{Heap after GC invocations=999 (full 895):
 PSYoungGen      total 53248K, used 37376K [0x00000000f5580000, 0x00000000f9b80000, 0x0000000100000000)
  eden space 37376K, 100% used [0x00000000f5580000,0x00000000f7a00000,0x00000000f7a00000)
  from space 15872K, 0% used [0x00000000f7a00000,0x00000000f7a00000,0x00000000f8980000)
  to   space 15872K, 0% used [0x00000000f8c00000,0x00000000f8c00000,0x00000000f9b80000)
 ParOldGen       total 349696K, used 349695K [0x00000000e0000000, 0x00000000f5580000, 0x00000000f5580000)
  object space 349696K, 99% used [0x00000000e0000000,0x00000000f557fdb0,0x00000000f5580000)
 Metaspace       used 64995K, committed 65856K, reserved 1114112K
  class space    used 6231K, committed 6592K, reserved 1048576K
}
Event: 1853.690 GC heap before
{Heap before GC invocations=1000 (full 896):
 PSYoungGen      total 53248K, used 37376K [0x00000000f5580000, 0x00000000f9b80000, 0x0000000100000000)
  eden space 37376K, 100% used [0x00000000f5580000,0x00000000f7a00000,0x00000000f7a00000)
  from space 15872K, 0% used [0x00000000f7a00000,0x00000000f7a00000,0x00000000f8980000)
  to   space 15872K, 0% used [0x00000000f8c00000,0x00000000f8c00000,0x00000000f9b80000)
 ParOldGen       total 349696K, used 349695K [0x00000000e0000000, 0x00000000f5580000, 0x00000000f5580000)
  object space 349696K, 99% used [0x00000000e0000000,0x00000000f557fdb0,0x00000000f5580000)
 Metaspace       used 64995K, committed 65856K, reserved 1114112K
  class space    used 6231K, committed 6592K, reserved 1048576K
}
Event: 1855.288 GC heap after
{Heap after GC invocations=1000 (full 896):
 PSYoungGen      total 53248K, used 37376K [0x00000000f5580000, 0x00000000f9b80000, 0x0000000100000000)
  eden space 37376K, 100% used [0x00000000f5580000,0x00000000f7a00000,0x00000000f7a00000)
  from space 15872K, 0% used [0x00000000f8c00000,0x00000000f8c00000,0x00000000f9b80000)
  to   space 15872K, 0% used [0x00000000f7a00000,0x00000000f7a00000,0x00000000f8980000)
 ParOldGen       total 349696K, used 349695K [0x00000000e0000000, 0x00000000f5580000, 0x00000000f5580000)
  object space 349696K, 99% used [0x00000000e0000000,0x00000000f557fcc8,0x00000000f5580000)
 Metaspace       used 64995K, committed 65856K, reserved 1114112K
  class space    used 6231K, committed 6592K, reserved 1048576K
}

